app/build/intermediates/manifest_merge_blame_file/release/manifest-merger-blame-release-report.txt
1<?xml version="1.0" encoding="utf-8"?>
2<manifest xmlns:android="http://schemas.android.com/apk/res/android"
3    package="com.example.shop"
4    android:versionCode="1"
5    android:versionName="1.0" >
6
7    <uses-sdk
8        android:minSdkVersion="21"
8-->src/main/AndroidManifest.xml
9        android:targetSdkVersion="31" />
9-->src/main/AndroidManifest.xml
10
11    <uses-permission android:name="android.permission.INTERNET" />
11-->src/main/AndroidManifest.xml:5:5-67
11-->src/main/AndroidManifest.xml:5:22-64
12    <uses-permission android:name="android.permission.ACCESS_NETWORK_STATE" />
12-->src/main/AndroidManifest.xml:6:5-79
12-->src/main/AndroidManifest.xml:6:22-76
13    <uses-permission android:name="android.permission.CHANGE_NETWORK_STATE" />
13-->src/main/AndroidManifest.xml:7:5-79
13-->src/main/AndroidManifest.xml:7:22-76
14    <uses-permission android:name="android.permission.WAKE_LOCK" />
14-->[com.google.android.gms:play-services-measurement-api:20.1.1] AndroidManifest.xml:24:5-68
14-->[com.google.android.gms:play-services-measurement-api:20.1.1] AndroidManifest.xml:24:22-65
15    <uses-permission android:name="com.google.android.gms.permission.AD_ID" />
15-->[com.google.android.gms:play-services-measurement-api:20.1.1] AndroidManifest.xml:25:5-79
15-->[com.google.android.gms:play-services-measurement-api:20.1.1] AndroidManifest.xml:25:22-76
16    <uses-permission android:name="com.google.android.finsky.permission.BIND_GET_INSTALL_REFERRER_SERVICE" />
16-->[com.google.android.gms:play-services-measurement:20.1.1] AndroidManifest.xml:26:5-110
16-->[com.google.android.gms:play-services-measurement:20.1.1] AndroidManifest.xml:26:22-107
17
18    <application
18-->src/main/AndroidManifest.xml:9:5-63:19
19        android:allowBackup="true"
19-->src/main/AndroidManifest.xml:10:9-35
20        android:appComponentFactory="androidx.core.app.CoreComponentFactory"
20-->[androidx.core:core:1.7.0] AndroidManifest.xml:24:18-86
21        android:icon="@mipmap/app_ico"
21-->src/main/AndroidManifest.xml:11:9-39
22        android:label="@string/app_name"
22-->src/main/AndroidManifest.xml:12:9-41
23        android:roundIcon="@mipmap/app_ico"
23-->src/main/AndroidManifest.xml:13:9-44
24        android:supportsRtl="true"
24-->src/main/AndroidManifest.xml:14:9-35
25        android:theme="@style/Theme.Shop"
25-->src/main/AndroidManifest.xml:15:9-42
26        android:usesCleartextTraffic="true" >
26-->src/main/AndroidManifest.xml:16:9-44
27        <activity
27-->src/main/AndroidManifest.xml:17:9-19:40
28            android:name="com.example.shop.SearchActivity"
28-->src/main/AndroidManifest.xml:18:13-43
29            android:exported="false" />
29-->src/main/AndroidManifest.xml:19:13-37
30        <activity
30-->src/main/AndroidManifest.xml:20:9-22:40
31            android:name="com.example.shop.AllProductsActivity"
31-->src/main/AndroidManifest.xml:21:13-48
32            android:exported="false" />
32-->src/main/AndroidManifest.xml:22:13-37
33        <activity
33-->src/main/AndroidManifest.xml:23:9-25:40
34            android:name="com.example.shop.MyAddressesActivity"
34-->src/main/AndroidManifest.xml:24:13-48
35            android:exported="false" />
35-->src/main/AndroidManifest.xml:25:13-37
36        <activity
36-->src/main/AndroidManifest.xml:26:9-28:40
37            android:name="com.example.shop.AddressActivity"
37-->src/main/AndroidManifest.xml:27:13-44
38            android:exported="false" />
38-->src/main/AndroidManifest.xml:28:13-37
39        <activity
39-->src/main/AndroidManifest.xml:29:9-31:40
40            android:name="com.example.shop.DeliveryActivity"
40-->src/main/AndroidManifest.xml:30:13-45
41            android:exported="false" />
41-->src/main/AndroidManifest.xml:31:13-37
42        <activity
42-->src/main/AndroidManifest.xml:32:9-34:40
43            android:name="com.example.shop.OrderDetailActivity"
43-->src/main/AndroidManifest.xml:33:13-48
44            android:exported="false" />
44-->src/main/AndroidManifest.xml:34:13-37
45        <activity
45-->src/main/AndroidManifest.xml:35:9-37:40
46            android:name="com.example.shop.ProductDetailActivity"
46-->src/main/AndroidManifest.xml:36:13-50
47            android:exported="false" />
47-->src/main/AndroidManifest.xml:37:13-37
48        <activity
48-->src/main/AndroidManifest.xml:38:9-41:58
49            android:name="com.example.shop.CategoryActivity"
49-->src/main/AndroidManifest.xml:39:13-45
50            android:exported="false"
50-->src/main/AndroidManifest.xml:40:13-37
51            android:parentActivityName="com.example.shop.MainActivity" />
51-->src/main/AndroidManifest.xml:41:13-55
52        <activity
52-->src/main/AndroidManifest.xml:42:9-44:40
53            android:name="com.example.shop.MainActivity"
53-->src/main/AndroidManifest.xml:43:13-41
54            android:exported="false" />
54-->src/main/AndroidManifest.xml:44:13-37
55        <activity
55-->src/main/AndroidManifest.xml:45:9-48:52
56            android:name="com.example.shop.RegistrationActivity"
56-->src/main/AndroidManifest.xml:46:13-49
57            android:exported="false"
57-->src/main/AndroidManifest.xml:47:13-37
58            android:screenOrientation="portrait" />
58-->src/main/AndroidManifest.xml:48:13-49
59        <activity
59-->src/main/AndroidManifest.xml:49:9-51:40
60            android:name="com.example.shop.LoginActivity"
60-->src/main/AndroidManifest.xml:50:13-42
61            android:exported="false" />
61-->src/main/AndroidManifest.xml:51:13-37
62        <activity
62-->src/main/AndroidManifest.xml:52:9-62:20
63            android:name="com.example.shop.SplashActivity"
63-->src/main/AndroidManifest.xml:53:13-43
64            android:exported="true"
64-->src/main/AndroidManifest.xml:54:13-36
65            android:screenOrientation="portrait"
65-->src/main/AndroidManifest.xml:55:13-49
66            android:theme="@style/SplashTheme" >
66-->src/main/AndroidManifest.xml:56:13-47
67            <intent-filter>
67-->src/main/AndroidManifest.xml:57:13-61:29
68                <action android:name="android.intent.action.MAIN" />
68-->src/main/AndroidManifest.xml:58:17-69
68-->src/main/AndroidManifest.xml:58:25-66
69
70                <category android:name="android.intent.category.LAUNCHER" />
70-->src/main/AndroidManifest.xml:60:17-77
70-->src/main/AndroidManifest.xml:60:27-74
71            </intent-filter>
72        </activity>
73        <activity
73-->[com.google.firebase:firebase-auth:21.0.3] AndroidManifest.xml:27:9-44:20
74            android:name="com.google.firebase.auth.internal.GenericIdpActivity"
74-->[com.google.firebase:firebase-auth:21.0.3] AndroidManifest.xml:28:13-80
75            android:excludeFromRecents="true"
75-->[com.google.firebase:firebase-auth:21.0.3] AndroidManifest.xml:29:13-46
76            android:exported="true"
76-->[com.google.firebase:firebase-auth:21.0.3] AndroidManifest.xml:30:13-36
77            android:launchMode="singleTask"
77-->[com.google.firebase:firebase-auth:21.0.3] AndroidManifest.xml:31:13-44
78            android:theme="@android:style/Theme.Translucent.NoTitleBar" >
78-->[com.google.firebase:firebase-auth:21.0.3] AndroidManifest.xml:32:13-72
79            <intent-filter>
79-->[com.google.firebase:firebase-auth:21.0.3] AndroidManifest.xml:33:13-43:29
80                <action android:name="android.intent.action.VIEW" />
80-->[com.google.firebase:firebase-auth:21.0.3] AndroidManifest.xml:34:17-69
80-->[com.google.firebase:firebase-auth:21.0.3] AndroidManifest.xml:34:25-66
81
82                <category android:name="android.intent.category.DEFAULT" />
82-->[com.google.firebase:firebase-auth:21.0.3] AndroidManifest.xml:36:17-76
82-->[com.google.firebase:firebase-auth:21.0.3] AndroidManifest.xml:36:27-73
83                <category android:name="android.intent.category.BROWSABLE" />
83-->[com.google.firebase:firebase-auth:21.0.3] AndroidManifest.xml:37:17-78
83-->[com.google.firebase:firebase-auth:21.0.3] AndroidManifest.xml:37:27-75
84
85                <data
85-->[com.google.firebase:firebase-auth:21.0.3] AndroidManifest.xml:39:17-42:51
86                    android:host="firebase.auth"
86-->[com.google.firebase:firebase-auth:21.0.3] AndroidManifest.xml:40:21-49
87                    android:path="/"
87-->[com.google.firebase:firebase-auth:21.0.3] AndroidManifest.xml:41:21-37
88                    android:scheme="genericidp" />
88-->[com.google.firebase:firebase-auth:21.0.3] AndroidManifest.xml:42:21-48
89            </intent-filter>
90        </activity>
91        <activity
91-->[com.google.firebase:firebase-auth:21.0.3] AndroidManifest.xml:45:9-62:20
92            android:name="com.google.firebase.auth.internal.RecaptchaActivity"
92-->[com.google.firebase:firebase-auth:21.0.3] AndroidManifest.xml:46:13-79
93            android:excludeFromRecents="true"
93-->[com.google.firebase:firebase-auth:21.0.3] AndroidManifest.xml:47:13-46
94            android:exported="true"
94-->[com.google.firebase:firebase-auth:21.0.3] AndroidManifest.xml:48:13-36
95            android:launchMode="singleTask"
95-->[com.google.firebase:firebase-auth:21.0.3] AndroidManifest.xml:49:13-44
96            android:theme="@android:style/Theme.Translucent.NoTitleBar" >
96-->[com.google.firebase:firebase-auth:21.0.3] AndroidManifest.xml:50:13-72
97            <intent-filter>
97-->[com.google.firebase:firebase-auth:21.0.3] AndroidManifest.xml:51:13-61:29
98                <action android:name="android.intent.action.VIEW" />
98-->[com.google.firebase:firebase-auth:21.0.3] AndroidManifest.xml:34:17-69
98-->[com.google.firebase:firebase-auth:21.0.3] AndroidManifest.xml:34:25-66
99
100                <category android:name="android.intent.category.DEFAULT" />
100-->[com.google.firebase:firebase-auth:21.0.3] AndroidManifest.xml:36:17-76
100-->[com.google.firebase:firebase-auth:21.0.3] AndroidManifest.xml:36:27-73
101                <category android:name="android.intent.category.BROWSABLE" />
101-->[com.google.firebase:firebase-auth:21.0.3] AndroidManifest.xml:37:17-78
101-->[com.google.firebase:firebase-auth:21.0.3] AndroidManifest.xml:37:27-75
102
103                <data
103-->[com.google.firebase:firebase-auth:21.0.3] AndroidManifest.xml:39:17-42:51
104                    android:host="firebase.auth"
104-->[com.google.firebase:firebase-auth:21.0.3] AndroidManifest.xml:40:21-49
105                    android:path="/"
105-->[com.google.firebase:firebase-auth:21.0.3] AndroidManifest.xml:41:21-37
106                    android:scheme="recaptcha" />
106-->[com.google.firebase:firebase-auth:21.0.3] AndroidManifest.xml:42:21-48
107            </intent-filter>
108        </activity>
109
110        <service
110-->[com.google.firebase:firebase-auth:21.0.3] AndroidManifest.xml:64:9-70:19
111            android:name="com.google.firebase.components.ComponentDiscoveryService"
111-->[com.google.firebase:firebase-auth:21.0.3] AndroidManifest.xml:65:13-84
112            android:directBootAware="true"
112-->[com.google.firebase:firebase-common:20.1.0] AndroidManifest.xml:35:13-43
113            android:exported="false" >
113-->[com.google.firebase:firebase-auth:21.0.3] AndroidManifest.xml:66:13-37
114            <meta-data
114-->[com.google.firebase:firebase-auth:21.0.3] AndroidManifest.xml:67:13-69:85
115                android:name="com.google.firebase.components:com.google.firebase.auth.FirebaseAuthRegistrar"
115-->[com.google.firebase:firebase-auth:21.0.3] AndroidManifest.xml:68:17-109
116                android:value="com.google.firebase.components.ComponentRegistrar" />
116-->[com.google.firebase:firebase-auth:21.0.3] AndroidManifest.xml:69:17-82
117            <meta-data
117-->[com.google.firebase:firebase-firestore:24.1.0] AndroidManifest.xml:20:13-22:85
118                android:name="com.google.firebase.components:com.google.firebase.firestore.FirestoreRegistrar"
118-->[com.google.firebase:firebase-firestore:24.1.0] AndroidManifest.xml:21:17-111
119                android:value="com.google.firebase.components.ComponentRegistrar" />
119-->[com.google.firebase:firebase-firestore:24.1.0] AndroidManifest.xml:22:17-82
120            <meta-data
120-->[com.google.android.gms:play-services-measurement-api:20.1.1] AndroidManifest.xml:31:13-33:85
121                android:name="com.google.firebase.components:com.google.firebase.analytics.connector.internal.AnalyticsConnectorRegistrar"
121-->[com.google.android.gms:play-services-measurement-api:20.1.1] AndroidManifest.xml:32:17-139
122                android:value="com.google.firebase.components.ComponentRegistrar" />
122-->[com.google.android.gms:play-services-measurement-api:20.1.1] AndroidManifest.xml:33:17-82
123            <meta-data
123-->[com.google.firebase:firebase-installations:17.0.1] AndroidManifest.xml:18:13-20:85
124                android:name="com.google.firebase.components:com.google.firebase.installations.FirebaseInstallationsRegistrar"
124-->[com.google.firebase:firebase-installations:17.0.1] AndroidManifest.xml:19:17-127
125                android:value="com.google.firebase.components.ComponentRegistrar" />
125-->[com.google.firebase:firebase-installations:17.0.1] AndroidManifest.xml:20:17-82
126        </service>
127
128        <provider
128-->[com.google.firebase:firebase-common:20.1.0] AndroidManifest.xml:26:9-31:39
129            android:name="com.google.firebase.provider.FirebaseInitProvider"
129-->[com.google.firebase:firebase-common:20.1.0] AndroidManifest.xml:27:13-77
130            android:authorities="com.example.shop.firebaseinitprovider"
130-->[com.google.firebase:firebase-common:20.1.0] AndroidManifest.xml:28:13-72
131            android:directBootAware="true"
131-->[com.google.firebase:firebase-common:20.1.0] AndroidManifest.xml:29:13-43
132            android:exported="false"
132-->[com.google.firebase:firebase-common:20.1.0] AndroidManifest.xml:30:13-37
133            android:initOrder="100" />
133-->[com.google.firebase:firebase-common:20.1.0] AndroidManifest.xml:31:13-36
134
135        <activity
135-->[com.google.android.gms:play-services-base:18.0.1] AndroidManifest.xml:20:9-22:45
136            android:name="com.google.android.gms.common.api.GoogleApiActivity"
136-->[com.google.android.gms:play-services-base:18.0.1] AndroidManifest.xml:20:19-85
137            android:exported="false"
137-->[com.google.android.gms:play-services-base:18.0.1] AndroidManifest.xml:22:19-43
138            android:theme="@android:style/Theme.Translucent.NoTitleBar" />
138-->[com.google.android.gms:play-services-base:18.0.1] AndroidManifest.xml:21:19-78
139
140        <receiver
140-->[com.google.android.gms:play-services-measurement:20.1.1] AndroidManifest.xml:29:9-33:20
141            android:name="com.google.android.gms.measurement.AppMeasurementReceiver"
141-->[com.google.android.gms:play-services-measurement:20.1.1] AndroidManifest.xml:30:13-85
142            android:enabled="true"
142-->[com.google.android.gms:play-services-measurement:20.1.1] AndroidManifest.xml:31:13-35
143            android:exported="false" >
143-->[com.google.android.gms:play-services-measurement:20.1.1] AndroidManifest.xml:32:13-37
144        </receiver>
145
146        <service
146-->[com.google.android.gms:play-services-measurement:20.1.1] AndroidManifest.xml:35:9-38:40
147            android:name="com.google.android.gms.measurement.AppMeasurementService"
147-->[com.google.android.gms:play-services-measurement:20.1.1] AndroidManifest.xml:36:13-84
148            android:enabled="true"
148-->[com.google.android.gms:play-services-measurement:20.1.1] AndroidManifest.xml:37:13-35
149            android:exported="false" />
149-->[com.google.android.gms:play-services-measurement:20.1.1] AndroidManifest.xml:38:13-37
150        <service
150-->[com.google.android.gms:play-services-measurement:20.1.1] AndroidManifest.xml:39:9-43:72
151            android:name="com.google.android.gms.measurement.AppMeasurementJobService"
151-->[com.google.android.gms:play-services-measurement:20.1.1] AndroidManifest.xml:40:13-87
152            android:enabled="true"
152-->[com.google.android.gms:play-services-measurement:20.1.1] AndroidManifest.xml:41:13-35
153            android:exported="false"
153-->[com.google.android.gms:play-services-measurement:20.1.1] AndroidManifest.xml:42:13-37
154            android:permission="android.permission.BIND_JOB_SERVICE" />
154-->[com.google.android.gms:play-services-measurement:20.1.1] AndroidManifest.xml:43:13-69
155
156        <meta-data
156-->[com.google.android.gms:play-services-basement:18.0.0] AndroidManifest.xml:21:9-23:69
157            android:name="com.google.android.gms.version"
157-->[com.google.android.gms:play-services-basement:18.0.0] AndroidManifest.xml:22:13-58
158            android:value="@integer/google_play_services_version" />
158-->[com.google.android.gms:play-services-basement:18.0.0] AndroidManifest.xml:23:13-66
159
160        <provider
160-->[androidx.emoji2:emoji2:1.0.0] AndroidManifest.xml:26:9-34:20
161            android:name="androidx.startup.InitializationProvider"
161-->[androidx.emoji2:emoji2:1.0.0] AndroidManifest.xml:27:13-67
162            android:authorities="com.example.shop.androidx-startup"
162-->[androidx.emoji2:emoji2:1.0.0] AndroidManifest.xml:28:13-68
163            android:exported="false" >
163-->[androidx.emoji2:emoji2:1.0.0] AndroidManifest.xml:29:13-37
164            <meta-data
164-->[androidx.emoji2:emoji2:1.0.0] AndroidManifest.xml:31:13-33:52
165                android:name="androidx.emoji2.text.EmojiCompatInitializer"
165-->[androidx.emoji2:emoji2:1.0.0] AndroidManifest.xml:32:17-75
166                android:value="androidx.startup" />
166-->[androidx.emoji2:emoji2:1.0.0] AndroidManifest.xml:33:17-49
167            <meta-data
167-->[androidx.lifecycle:lifecycle-process:2.4.0] AndroidManifest.xml:31:13-33:52
168                android:name="androidx.lifecycle.ProcessLifecycleInitializer"
168-->[androidx.lifecycle:lifecycle-process:2.4.0] AndroidManifest.xml:32:17-78
169                android:value="androidx.startup" />
169-->[androidx.lifecycle:lifecycle-process:2.4.0] AndroidManifest.xml:33:17-49
170        </provider>
171    </application>
172
173</manifest>